{"numFailedTestSuites":0,"numFailedTests":0,"numPassedTestSuites":1,"numPassedTests":3,"numPendingTestSuites":0,"numPendingTests":0,"numRuntimeErrorTestSuites":0,"numTodoTests":0,"numTotalTestSuites":1,"numTotalTests":3,"openHandles":[],"snapshot":{"added":0,"didUpdate":false,"failure":false,"filesAdded":0,"filesRemoved":0,"filesRemovedList":[],"filesUnmatched":0,"filesUpdated":0,"matched":0,"total":0,"unchecked":0,"uncheckedKeysByFile":[],"unmatched":0,"updated":0},"startTime":1756625360840,"success":true,"testResults":[{"assertionResults":[{"ancestorTitles":["Button Component"],"duration":21,"failing":false,"failureDetails":[],"failureMessages":[],"fullName":"Button Component renders a default button","invocations":1,"location":null,"numPassingAsserts":1,"retryReasons":[],"startAt":1756625361532,"status":"passed","title":"renders a default button"},{"ancestorTitles":["Button Component"],"duration":35,"failing":false,"failureDetails":[],"failureMessages":[],"fullName":"Button Component disables the button when isDisabled prop is true","invocations":1,"location":null,"numPassingAsserts":1,"retryReasons":[],"startAt":1756625361554,"status":"passed","title":"disables the button when isDisabled prop is true"},{"ancestorTitles":["Button Component"],"duration":10,"failing":false,"failureDetails":[],"failureMessages":[],"fullName":"Button Component applies the correct css class for different buttons varient","invocations":1,"location":null,"numPassingAsserts":2,"retryReasons":[],"startAt":1756625361590,"status":"passed","title":"applies the correct css class for different buttons varient"}],"endTime":1756625361602,"message":"","name":"D:\\Github\\MoeeinAali\\My-Repositories\\front-kar\\src\\ui\\components\\button\\button.test.tsx","startTime":1756625361236,"status":"passed","summary":""}],"wasInterrupted":false}
